Flow report for Final
Fri May 05 12:55:04 2023
Quartus Prime Version 18.1.0 Build 625 09/12/2018 SJ Lite Edition


---------------------
; Table of Contents ;
---------------------
  1. Legal Notice
  2. Flow Summary
  3. Flow Settings
  4. Flow Non-Default Global Settings
  5. Flow Elapsed Time
  6. Flow OS Summary
  7. Flow Log
  8. Flow Messages
  9. Flow Suppressed Messages



----------------
; Legal Notice ;
----------------
Copyright (C) 2018  Intel Corporation. All rights reserved.
Your use of Intel Corporation's design tools, logic functions 
and other software and tools, and its AMPP partner logic 
functions, and any output files from any of the foregoing 
(including device programming or simulation files), and any 
associated documentation or information are expressly subject 
to the terms and conditions of the Intel Program License 
Subscription Agreement, the Intel Quartus Prime License Agreement,
the Intel FPGA IP License Agreement, or other applicable license
agreement, including, without limitation, that your use is for
the sole purpose of programming logic devices manufactured by
Intel and sold by Intel or its authorized distributors.  Please
refer to the applicable agreement for further details.



+----------------------------------------------------------------------------------+
; Flow Summary                                                                     ;
+------------------------------------+---------------------------------------------+
; Flow Status                        ; Successful - Fri May 05 12:55:04 2023       ;
; Quartus Prime Version              ; 18.1.0 Build 625 09/12/2018 SJ Lite Edition ;
; Revision Name                      ; Final                                       ;
; Top-level Entity Name              ; synth_toplevel                              ;
; Family                             ; MAX 10                                      ;
; Device                             ; 10M50DAF484C7G                              ;
; Timing Models                      ; Final                                       ;
; Total logic elements               ; 6,116 / 49,760 ( 12 % )                     ;
;     Total combinational functions  ; 5,401 / 49,760 ( 11 % )                     ;
;     Dedicated logic registers      ; 3,176 / 49,760 ( 6 % )                      ;
; Total registers                    ; 3245                                        ;
; Total pins                         ; 143 / 360 ( 40 % )                          ;
; Total virtual pins                 ; 0                                           ;
; Total memory bits                  ; 916,488 / 1,677,312 ( 55 % )                ;
; Embedded Multiplier 9-bit elements ; 8 / 288 ( 3 % )                             ;
; Total PLLs                         ; 1 / 4 ( 25 % )                              ;
; UFM blocks                         ; 0 / 1 ( 0 % )                               ;
; ADC blocks                         ; 0 / 2 ( 0 % )                               ;
+------------------------------------+---------------------------------------------+


+-----------------------------------------+
; Flow Settings                           ;
+-------------------+---------------------+
; Option            ; Setting             ;
+-------------------+---------------------+
; Start date & time ; 05/05/2023 12:52:28 ;
; Main task         ; Compilation         ;
; Revision Name     ; Final               ;
+-------------------+---------------------+


+--------------------------------------------------------------------------------------------------------------------------------------------------------+
; Flow Non-Default Global Settings                                                                                                                       ;
+--------------------------------------+------------------------------------------------------------+---------------+-------------------+----------------+
; Assignment Name                      ; Value                                                      ; Default Value ; Entity Name       ; Section Id     ;
+--------------------------------------+------------------------------------------------------------+---------------+-------------------+----------------+
; COMPILER_SIGNATURE_ID                ; 103390019799527.168330914622760                            ; --            ; --                ; --             ;
; EDA_OUTPUT_DATA_FORMAT               ; Systemverilog Hdl                                          ; --            ; --                ; eda_simulation ;
; EDA_SIMULATION_TOOL                  ; ModelSim-Altera (SystemVerilog)                            ; <None>        ; --                ; --             ;
; EDA_TIME_SCALE                       ; 1 ps                                                       ; --            ; --                ; eda_simulation ;
; FITTER_EFFORT                        ; Standard Fit                                               ; Auto Fit      ; --                ; --             ;
; MAX_CORE_JUNCTION_TEMP               ; 85                                                         ; --            ; --                ; --             ;
; MIN_CORE_JUNCTION_TEMP               ; 0                                                          ; --            ; --                ; --             ;
; MISC_FILE                            ; SOC/finalsoc/synthesis/../finalsoc.cmp                     ; --            ; --                ; --             ;
; MISC_FILE                            ; SOC/finalsoc/synthesis/../../finalsoc.qsys                 ; --            ; --                ; --             ;
; OUTPUT_IO_TIMING_FAR_END_VMEAS       ; Half Signal Swing                                          ; --            ; --                ; --             ;
; OUTPUT_IO_TIMING_FAR_END_VMEAS       ; Half Signal Swing                                          ; --            ; --                ; --             ;
; OUTPUT_IO_TIMING_NEAR_END_VMEAS      ; Half Vccio                                                 ; --            ; --                ; --             ;
; OUTPUT_IO_TIMING_NEAR_END_VMEAS      ; Half Vccio                                                 ; --            ; --                ; --             ;
; PARTITION_COLOR                      ; -- (Not supported for targeted family)                     ; --            ; DE10_LITE_Default ; Top            ;
; PARTITION_COLOR                      ; -- (Not supported for targeted family)                     ; --            ; lab62             ; Top            ;
; PARTITION_COLOR                      ; -- (Not supported for targeted family)                     ; --            ; synth_toplevel    ; Top            ;
; PARTITION_FITTER_PRESERVATION_LEVEL  ; -- (Not supported for targeted family)                     ; --            ; DE10_LITE_Default ; Top            ;
; PARTITION_FITTER_PRESERVATION_LEVEL  ; -- (Not supported for targeted family)                     ; --            ; lab62             ; Top            ;
; PARTITION_FITTER_PRESERVATION_LEVEL  ; -- (Not supported for targeted family)                     ; --            ; synth_toplevel    ; Top            ;
; PARTITION_NETLIST_TYPE               ; -- (Not supported for targeted family)                     ; --            ; DE10_LITE_Default ; Top            ;
; PARTITION_NETLIST_TYPE               ; -- (Not supported for targeted family)                     ; --            ; lab62             ; Top            ;
; PARTITION_NETLIST_TYPE               ; -- (Not supported for targeted family)                     ; --            ; synth_toplevel    ; Top            ;
; PHYSICAL_SYNTHESIS_COMBO_LOGIC       ; On                                                         ; Off           ; --                ; --             ;
; PHYSICAL_SYNTHESIS_REGISTER_RETIMING ; On                                                         ; Off           ; --                ; --             ;
; POWER_BOARD_THERMAL_MODEL            ; None (CONSERVATIVE)                                        ; --            ; --                ; --             ;
; POWER_PRESET_COOLING_SOLUTION        ; 23 MM HEAT SINK WITH 200 LFPM AIRFLOW                      ; --            ; --                ; --             ;
; PROJECT_OUTPUT_DIRECTORY             ; output_files                                               ; --            ; --                ; --             ;
; ROUTER_EFFORT_MULTIPLIER             ; 4.0                                                        ; 1.0           ; --                ; --             ;
; ROUTER_TIMING_OPTIMIZATION_LEVEL     ; MAXIMUM                                                    ; Normal        ; --                ; --             ;
; SLD_FILE                             ; SOC/finalsoc/synthesis/finalsoc.regmap                     ; --            ; --                ; --             ;
; SLD_FILE                             ; SOC/finalsoc/synthesis/finalsoc.debuginfo                  ; --            ; --                ; --             ;
; SLD_INFO                             ; QSYS_NAME finalsoc HAS_SOPCINFO 1 GENERATION_ID 1682971906 ; --            ; finalsoc          ; --             ;
; SOPCINFO_FILE                        ; SOC/finalsoc/synthesis/../../finalsoc.sopcinfo             ; --            ; --                ; --             ;
; SYNTHESIS_ONLY_QIP                   ; On                                                         ; --            ; --                ; --             ;
; TOP_LEVEL_ENTITY                     ; synth_toplevel                                             ; Final         ; --                ; --             ;
+--------------------------------------+------------------------------------------------------------+---------------+-------------------+----------------+


+--------------------------------------------------------------------------------------------------------------------------+
; Flow Elapsed Time                                                                                                        ;
+----------------------+--------------+-------------------------+---------------------+------------------------------------+
; Module Name          ; Elapsed Time ; Average Processors Used ; Peak Virtual Memory ; Total CPU Time (on all processors) ;
+----------------------+--------------+-------------------------+---------------------+------------------------------------+
; Analysis & Synthesis ; 00:01:14     ; 1.0                     ; 5146 MB             ; 00:01:37                           ;
; Fitter               ; 00:00:59     ; 1.3                     ; 5950 MB             ; 00:01:46                           ;
; Assembler            ; 00:00:04     ; 1.0                     ; 4733 MB             ; 00:00:04                           ;
; Timing Analyzer      ; 00:00:07     ; 2.2                     ; 4955 MB             ; 00:00:13                           ;
; EDA Netlist Writer   ; 00:00:04     ; 1.0                     ; 4773 MB             ; 00:00:04                           ;
; Total                ; 00:02:28     ; --                      ; --                  ; 00:03:44                           ;
+----------------------+--------------+-------------------------+---------------------+------------------------------------+


+------------------------------------------------------------------------------------+
; Flow OS Summary                                                                    ;
+----------------------+------------------+------------+------------+----------------+
; Module Name          ; Machine Hostname ; OS Name    ; OS Version ; Processor type ;
+----------------------+------------------+------------+------------+----------------+
; Analysis & Synthesis ; LAPTOP-B1FJ11KK  ; Windows 10 ; 10.0       ; x86_64         ;
; Fitter               ; LAPTOP-B1FJ11KK  ; Windows 10 ; 10.0       ; x86_64         ;
; Assembler            ; LAPTOP-B1FJ11KK  ; Windows 10 ; 10.0       ; x86_64         ;
; Timing Analyzer      ; LAPTOP-B1FJ11KK  ; Windows 10 ; 10.0       ; x86_64         ;
; EDA Netlist Writer   ; LAPTOP-B1FJ11KK  ; Windows 10 ; 10.0       ; x86_64         ;
+----------------------+------------------+------------+------------+----------------+


------------
; Flow Log ;
------------
quartus_map --read_settings_files=on --write_settings_files=off Final -c Final
quartus_fit --read_settings_files=off --write_settings_files=off Final -c Final
quartus_asm --read_settings_files=off --write_settings_files=off Final -c Final
quartus_sta Final -c Final
quartus_eda --read_settings_files=off --write_settings_files=off Final -c Final



